2016-09-24 23:26:32.353  INFO 9936 --- [main] com.deals.BestDealsApplication           : Starting BestDealsApplication on EAGLE with PID 9936 (F:\workspace\practice\BestDeals\bestdeals\target\classes started by Gopi in F:\workspace\practice\BestDeals\bestdeals)
2016-09-24 23:26:32.358  INFO 9936 --- [main] com.deals.BestDealsApplication           : The following profiles are active: BestDeals
2016-09-24 23:26:32.870  INFO 9936 --- [main] ationConfigEmbeddedWebApplicationContext : Refreshing org.springframework.boot.context.embedded.AnnotationConfigEmbeddedWebApplicationContext@776aec5c: startup date [Sat Sep 24 23:26:32 IST 2016]; root of context hierarchy
2016-09-24 23:26:35.413  INFO 9936 --- [main] .s.d.r.c.RepositoryConfigurationDelegate : Multiple Spring Data modules found, entering strict repository configuration mode!
2016-09-24 23:26:35.723  INFO 9936 --- [main] .s.d.r.c.RepositoryConfigurationDelegate : Multiple Spring Data modules found, entering strict repository configuration mode!
2016-09-24 23:26:35.785  INFO 9936 --- [main] .RepositoryConfigurationExtensionSupport : Spring Data Redis - Could not safely identify store assignment for repository candidate interface com.deals.repository.SubCategoryRepository.
2016-09-24 23:26:35.790  INFO 9936 --- [main] .RepositoryConfigurationExtensionSupport : Spring Data Redis - Could not safely identify store assignment for repository candidate interface com.deals.repository.PlanRepository.
2016-09-24 23:26:35.791  INFO 9936 --- [main] .RepositoryConfigurationExtensionSupport : Spring Data Redis - Could not safely identify store assignment for repository candidate interface com.deals.repository.StateRepository.
2016-09-24 23:26:35.792  INFO 9936 --- [main] .RepositoryConfigurationExtensionSupport : Spring Data Redis - Could not safely identify store assignment for repository candidate interface com.deals.repository.OTPRepository.
2016-09-24 23:26:35.793  INFO 9936 --- [main] .RepositoryConfigurationExtensionSupport : Spring Data Redis - Could not safely identify store assignment for repository candidate interface com.deals.repository.CategoryRepository.
2016-09-24 23:26:35.794  INFO 9936 --- [main] .RepositoryConfigurationExtensionSupport : Spring Data Redis - Could not safely identify store assignment for repository candidate interface com.deals.repository.CountryRepository.
2016-09-24 23:26:35.795  INFO 9936 --- [main] .RepositoryConfigurationExtensionSupport : Spring Data Redis - Could not safely identify store assignment for repository candidate interface com.deals.repository.SalesManagerRepository.
2016-09-24 23:26:35.796  INFO 9936 --- [main] .RepositoryConfigurationExtensionSupport : Spring Data Redis - Could not safely identify store assignment for repository candidate interface com.deals.repository.CompanyRepository.
2016-09-24 23:26:35.796  INFO 9936 --- [main] .RepositoryConfigurationExtensionSupport : Spring Data Redis - Could not safely identify store assignment for repository candidate interface com.deals.repository.CityRepository.
2016-09-24 23:26:35.797  INFO 9936 --- [main] .RepositoryConfigurationExtensionSupport : Spring Data Redis - Could not safely identify store assignment for repository candidate interface com.deals.repository.SalesmanRepository.
2016-09-24 23:26:35.798  INFO 9936 --- [main] .RepositoryConfigurationExtensionSupport : Spring Data Redis - Could not safely identify store assignment for repository candidate interface com.deals.repository.LikeViewRepository.
2016-09-24 23:26:35.799  INFO 9936 --- [main] .RepositoryConfigurationExtensionSupport : Spring Data Redis - Could not safely identify store assignment for repository candidate interface com.deals.repository.UserDetailRepository.
2016-09-24 23:26:35.800  INFO 9936 --- [main] .RepositoryConfigurationExtensionSupport : Spring Data Redis - Could not safely identify store assignment for repository candidate interface com.deals.repository.DealRepository.
2016-09-24 23:26:35.801  INFO 9936 --- [main] .RepositoryConfigurationExtensionSupport : Spring Data Redis - Could not safely identify store assignment for repository candidate interface com.deals.repository.UserRepository.
2016-09-24 23:26:36.632  INFO 9936 --- [main] trationDelegate$BeanPostProcessorChecker : Bean 'org.springframework.transaction.annotation.ProxyTransactionManagementConfiguration' of type [class org.springframework.transaction.annotation.ProxyTransactionManagementConfiguration$$EnhancerBySpringCGLIB$$aa1e5b23] is not eligible for getting processed by all BeanPostProcessors (for example: not eligible for auto-proxying)
2016-09-24 23:26:36.917  INFO 9936 --- [main] trationDelegate$BeanPostProcessorChecker : Bean 'spring.data.rest-org.springframework.boot.autoconfigure.data.rest.RepositoryRestProperties' of type [class org.springframework.boot.autoconfigure.data.rest.RepositoryRestProperties] is not eligible for getting processed by all BeanPostProcessors (for example: not eligible for auto-proxying)
2016-09-24 23:26:36.957  INFO 9936 --- [main] trationDelegate$BeanPostProcessorChecker : Bean 'org.springframework.boot.autoconfigure.data.rest.RepositoryRestMvcAutoConfiguration' of type [class org.springframework.boot.autoconfigure.data.rest.RepositoryRestMvcAutoConfiguration$$EnhancerBySpringCGLIB$$e82cac15] is not eligible for getting processed by all BeanPostProcessors (for example: not eligible for auto-proxying)
2016-09-24 23:26:36.991  INFO 9936 --- [main] trationDelegate$BeanPostProcessorChecker : Bean 'spring.jackson-org.springframework.boot.autoconfigure.jackson.JacksonProperties' of type [class org.springframework.boot.autoconfigure.jackson.JacksonProperties] is not eligible for getting processed by all BeanPostProcessors (for example: not eligible for auto-proxying)
2016-09-24 23:26:36.999  INFO 9936 --- [main] trationDelegate$BeanPostProcessorChecker : Bean 'org.springframework.boot.autoconfigure.jackson.JacksonAutoConfiguration$Jackson2ObjectMapperBuilderCustomizerConfiguration' of type [class org.springframework.boot.autoconfigure.jackson.JacksonAutoConfiguration$Jackson2ObjectMapperBuilderCustomizerConfiguration$$EnhancerBySpringCGLIB$$731582bc] is not eligible for getting processed by all BeanPostProcessors (for example: not eligible for auto-proxying)
2016-09-24 23:26:37.014  INFO 9936 --- [main] trationDelegate$BeanPostProcessorChecker : Bean 'standardJacksonObjectMapperBuilderCustomizer' of type [class org.springframework.boot.autoconfigure.jackson.JacksonAutoConfiguration$Jackson2ObjectMapperBuilderCustomizerConfiguration$StandardJackson2ObjectMapperBuilderCustomizer] is not eligible for getting processed by all BeanPostProcessors (for example: not eligible for auto-proxying)
2016-09-24 23:26:37.028  INFO 9936 --- [main] trationDelegate$BeanPostProcessorChecker : Bean 'org.springframework.boot.autoconfigure.jackson.JacksonAutoConfiguration$JacksonObjectMapperBuilderConfiguration' of type [class org.springframework.boot.autoconfigure.jackson.JacksonAutoConfiguration$JacksonObjectMapperBuilderConfiguration$$EnhancerBySpringCGLIB$$b7fe9ccd] is not eligible for getting processed by all BeanPostProcessors (for example: not eligible for auto-proxying)
2016-09-24 23:26:37.045  INFO 9936 --- [main] trationDelegate$BeanPostProcessorChecker : Bean 'org.springframework.boot.autoconfigure.jackson.JacksonAutoConfiguration' of type [class org.springframework.boot.autoconfigure.jackson.JacksonAutoConfiguration$$EnhancerBySpringCGLIB$$e7bd7843] is not eligible for getting processed by all BeanPostProcessors (for example: not eligible for auto-proxying)
2016-09-24 23:26:37.085  INFO 9936 --- [main] trationDelegate$BeanPostProcessorChecker : Bean 'jsonComponentModule' of type [class org.springframework.boot.jackson.JsonComponentModule] is not eligible for getting processed by all BeanPostProcessors (for example: not eligible for auto-proxying)
2016-09-24 23:26:37.091  INFO 9936 --- [main] trationDelegate$BeanPostProcessorChecker : Bean 'org.springframework.data.web.config.SpringDataJacksonConfiguration' of type [class org.springframework.data.web.config.SpringDataJacksonConfiguration$$EnhancerBySpringCGLIB$$e2c4cef7] is not eligible for getting processed by all BeanPostProcessors (for example: not eligible for auto-proxying)
2016-09-24 23:26:37.105  INFO 9936 --- [main] trationDelegate$BeanPostProcessorChecker : Bean 'jacksonGeoModule' of type [class org.springframework.data.geo.GeoModule] is not eligible for getting processed by all BeanPostProcessors (for example: not eligible for auto-proxying)
2016-09-24 23:26:37.110  INFO 9936 --- [main] trationDelegate$BeanPostProcessorChecker : Bean 'jacksonObjectMapperBuilder' of type [class org.springframework.http.converter.json.Jackson2ObjectMapperBuilder] is not eligible for getting processed by all BeanPostProcessors (for example: not eligible for auto-proxying)
2016-09-24 23:26:37.112  INFO 9936 --- [main] trationDelegate$BeanPostProcessorChecker : Bean 'springBootRepositoryRestConfigurer' of type [class org.springframework.boot.autoconfigure.data.rest.SpringBootRepositoryRestConfigurer] is not eligible for getting processed by all BeanPostProcessors (for example: not eligible for auto-proxying)
2016-09-24 23:26:37.126  INFO 9936 --- [main] trationDelegate$BeanPostProcessorChecker : Bean 'defaultRelProvider' of type [class org.springframework.hateoas.core.EvoInflectorRelProvider] is not eligible for getting processed by all BeanPostProcessors (for example: not eligible for auto-proxying)
2016-09-24 23:26:37.132  INFO 9936 --- [main] trationDelegate$BeanPostProcessorChecker : Bean 'annotationRelProvider' of type [class org.springframework.hateoas.core.AnnotationRelProvider] is not eligible for getting processed by all BeanPostProcessors (for example: not eligible for auto-proxying)
2016-09-24 23:26:37.149  INFO 9936 --- [main] trationDelegate$BeanPostProcessorChecker : Bean '(inner bean)#440ef8d' of type [class org.springframework.plugin.core.support.PluginRegistryFactoryBean] is not eligible for getting processed by all BeanPostProcessors (for example: not eligible for auto-proxying)
2016-09-24 23:26:37.164  INFO 9936 --- [main] trationDelegate$BeanPostProcessorChecker : Bean '(inner bean)#440ef8d' of type [class org.springframework.plugin.core.OrderAwarePluginRegistry] is not eligible for getting processed by all BeanPostProcessors (for example: not eligible for auto-proxying)
2016-09-24 23:26:37.170  INFO 9936 --- [main] trationDelegate$BeanPostProcessorChecker : Bean '_relProvider' of type [class org.springframework.hateoas.core.DelegatingRelProvider] is not eligible for getting processed by all BeanPostProcessors (for example: not eligible for auto-proxying)
2016-09-24 23:26:37.177  INFO 9936 --- [main] trationDelegate$BeanPostProcessorChecker : Bean 'org.springframework.boot.autoconfigure.data.rest.SpringBootRepositoryRestMvcConfiguration' of type [class org.springframework.boot.autoconfigure.data.rest.SpringBootRepositoryRestMvcConfiguration$$EnhancerBySpringCGLIB$$301a2443] is not eligible for getting processed by all BeanPostProcessors (for example: not eligible for auto-proxying)
2016-09-24 23:26:37.673  INFO 9936 --- [main] s.b.c.e.t.TomcatEmbeddedServletContainer : Tomcat initialized with port(s): 8080 (http)
2016-09-24 23:26:37.694  INFO 9936 --- [main] o.apache.catalina.core.StandardService   : Starting service Tomcat
2016-09-24 23:26:37.696  INFO 9936 --- [main] org.apache.catalina.core.StandardEngine  : Starting Servlet Engine: Apache Tomcat/8.5.4
2016-09-24 23:26:37.928  INFO 9936 --- [localhost-startStop-1] o.a.c.c.C.[.[localhost].[/BestDeals]     : Initializing Spring embedded WebApplicationContext
2016-09-24 23:26:37.929  INFO 9936 --- [localhost-startStop-1] o.s.web.context.ContextLoader            : Root WebApplicationContext: initialization completed in 5067 ms
2016-09-24 23:26:38.717  INFO 9936 --- [localhost-startStop-1] j.LocalContainerEntityManagerFactoryBean : Building JPA container EntityManagerFactory for persistence unit 'default'
2016-09-24 23:26:38.739  INFO 9936 --- [localhost-startStop-1] o.hibernate.jpa.internal.util.LogHelper  : HHH000204: Processing PersistenceUnitInfo [
	name: default
	...]
2016-09-24 23:26:39.159  INFO 9936 --- [localhost-startStop-1] org.hibernate.Version                    : HHH000412: Hibernate Core {5.0.9.Final}
2016-09-24 23:26:39.161  INFO 9936 --- [localhost-startStop-1] org.hibernate.cfg.Environment            : HHH000206: hibernate.properties not found
2016-09-24 23:26:39.163  INFO 9936 --- [localhost-startStop-1] org.hibernate.cfg.Environment            : HHH000021: Bytecode provider name : javassist
2016-09-24 23:26:39.230  INFO 9936 --- [localhost-startStop-1] o.hibernate.annotations.common.Version   : HCANN000001: Hibernate Commons Annotations {5.0.1.Final}
2016-09-24 23:26:39.872  INFO 9936 --- [localhost-startStop-1] org.hibernate.dialect.Dialect            : HHH000400: Using dialect: org.hibernate.dialect.MySQL5Dialect
2016-09-24 23:26:40.688  INFO 9936 --- [localhost-startStop-1] org.hibernate.tool.hbm2ddl.SchemaUpdate  : HHH000228: Running hbm2ddl schema update
2016-09-24 23:26:43.414  INFO 9936 --- [localhost-startStop-1] j.LocalContainerEntityManagerFactoryBean : Initialized JPA EntityManagerFactory for persistence unit 'default'
2016-09-24 23:26:43.551  INFO 9936 --- [localhost-startStop-1] o.s.b.w.servlet.ServletRegistrationBean  : Mapping servlet: 'dispatcherServlet' to [/]
2016-09-24 23:26:43.557  INFO 9936 --- [localhost-startStop-1] o.s.b.w.servlet.FilterRegistrationBean   : Mapping filter: 'characterEncodingFilter' to: [/*]
2016-09-24 23:26:43.557  INFO 9936 --- [localhost-startStop-1] o.s.b.w.servlet.FilterRegistrationBean   : Mapping filter: 'springSessionRepositoryFilter' to: [/*]
2016-09-24 23:26:43.558  INFO 9936 --- [localhost-startStop-1] o.s.b.w.servlet.FilterRegistrationBean   : Mapping filter: 'hiddenHttpMethodFilter' to: [/*]
2016-09-24 23:26:43.558  INFO 9936 --- [localhost-startStop-1] o.s.b.w.servlet.FilterRegistrationBean   : Mapping filter: 'httpPutFormContentFilter' to: [/*]
2016-09-24 23:26:43.558  INFO 9936 --- [localhost-startStop-1] o.s.b.w.servlet.FilterRegistrationBean   : Mapping filter: 'requestContextFilter' to: [/*]
2016-09-24 23:26:44.709  INFO 9936 --- [main] o.h.h.i.QueryTranslatorFactoryInitiator  : HHH000397: Using ASTQueryTranslatorFactory
2016-09-24 23:26:44.817  WARN 9936 --- [main] o.h.hql.internal.ast.HqlSqlWalker        : [DEPRECATION] Encountered positional parameter near line 1, column 61 in HQL: [select imgUrl from com.deals.model.Deal d where d.user.id = ?].  Positional parameter are considered deprecated; use named parameters or JPA-style positional parameters instead.
2016-09-24 23:26:45.131  INFO 9936 --- [Thread-3] .o.s.t.m.s.PriorityQueueSchedulerService : Email scheduler consumer started
2016-09-24 23:26:45.180  INFO 9936 --- [main] o.s.b.f.config.PropertiesFactoryBean     : Loading properties file from class path resource [rest-default-messages.properties]
2016-09-24 23:26:45.801  INFO 9936 --- [main] s.w.s.m.m.a.RequestMappingHandlerAdapter : Looking for @ControllerAdvice: org.springframework.boot.context.embedded.AnnotationConfigEmbeddedWebApplicationContext@776aec5c: startup date [Sat Sep 24 23:26:32 IST 2016]; root of context hierarchy
2016-09-24 23:26:45.925  INFO 9936 --- [main] s.w.s.m.m.a.RequestMappingHandlerMapping : Mapped "{[/profile]}" onto public java.lang.String com.deals.controller.AppController.profile(org.springframework.ui.Model)
2016-09-24 23:26:45.927  INFO 9936 --- [main] s.w.s.m.m.a.RequestMappingHandlerMapping : Mapped "{[/out]}" onto public java.lang.String com.deals.controller.AppController.out()
2016-09-24 23:26:45.927  INFO 9936 --- [main] s.w.s.m.m.a.RequestMappingHandlerMapping : Mapped "{[/error]}" onto public java.lang.String com.deals.controller.AppController.error()
2016-09-24 23:26:45.927  INFO 9936 --- [main] s.w.s.m.m.a.RequestMappingHandlerMapping : Mapped "{[/user]}" onto public java.lang.String com.deals.controller.AppController.user(org.springframework.ui.Model)
2016-09-24 23:26:45.928  INFO 9936 --- [main] s.w.s.m.m.a.RequestMappingHandlerMapping : Mapped "{[/greetings]}" onto public java.lang.String com.deals.controller.AppController.userLandingPage(org.springframework.ui.Model)
2016-09-24 23:26:45.928  INFO 9936 --- [main] s.w.s.m.m.a.RequestMappingHandlerMapping : Mapped "{[/logout]}" onto public java.lang.String com.deals.controller.AppController.logout(javax.servlet.http.HttpServletRequest)
2016-09-24 23:26:45.928  INFO 9936 --- [main] s.w.s.m.m.a.RequestMappingHandlerMapping : Mapped "{[/login]}" onto public java.lang.String com.deals.controller.AppController.dologin(org.springframework.ui.Model,com.deals.model.User)
2016-09-24 23:26:45.928  INFO 9936 --- [main] s.w.s.m.m.a.RequestMappingHandlerMapping : Mapped "{[/admin]}" onto public java.lang.String com.deals.controller.AppController.login(org.springframework.ui.Model)
2016-09-24 23:26:45.929  INFO 9936 --- [main] s.w.s.m.m.a.RequestMappingHandlerMapping : Mapped "{[/]}" onto public java.lang.String com.deals.controller.AppController.loginForCustomer(org.springframework.ui.Model)
2016-09-24 23:26:45.929  INFO 9936 --- [main] s.w.s.m.m.a.RequestMappingHandlerMapping : Mapped "{[/updatePlan]}" onto public java.lang.String com.deals.controller.AppController.updatePlan(javax.servlet.http.HttpServletRequest,org.springframework.ui.Model)
2016-09-24 23:26:45.929  INFO 9936 --- [main] s.w.s.m.m.a.RequestMappingHandlerMapping : Mapped "{[/salesManager]}" onto public java.lang.String com.deals.controller.AppController.salesManager(org.springframework.ui.Model)
2016-09-24 23:26:45.929  INFO 9936 --- [main] s.w.s.m.m.a.RequestMappingHandlerMapping : Mapped "{[/subcategory]}" onto public java.lang.String com.deals.controller.AppController.subcategory(org.springframework.ui.Model)
2016-09-24 23:26:45.929  INFO 9936 --- [main] s.w.s.m.m.a.RequestMappingHandlerMapping : Mapped "{[/plan]}" onto public java.lang.String com.deals.controller.AppController.plan(org.springframework.ui.Model)
2016-09-24 23:26:45.930  INFO 9936 --- [main] s.w.s.m.m.a.RequestMappingHandlerMapping : Mapped "{[/advertisement]}" onto public java.lang.String com.deals.controller.AppController.advertisement(javax.servlet.http.HttpServletRequest,org.springframework.ui.Model)
2016-09-24 23:26:45.930  INFO 9936 --- [main] s.w.s.m.m.a.RequestMappingHandlerMapping : Mapped "{[/salesman]}" onto public java.lang.String com.deals.controller.AppController.salespeople(org.springframework.ui.Model)
2016-09-24 23:26:45.930  INFO 9936 --- [main] s.w.s.m.m.a.RequestMappingHandlerMapping : Mapped "{[/createDeal]}" onto public java.lang.String com.deals.controller.AppController.createDeal(javax.servlet.http.HttpServletRequest,javax.servlet.http.HttpServletResponse,org.springframework.ui.Model)
2016-09-24 23:26:45.930  INFO 9936 --- [main] s.w.s.m.m.a.RequestMappingHandlerMapping : Mapped "{[/deleteDeal]}" onto public java.lang.String com.deals.controller.AppController.deleteDeal(org.springframework.ui.Model,javax.servlet.http.HttpServletRequest)
2016-09-24 23:26:45.931  INFO 9936 --- [main] s.w.s.m.m.a.RequestMappingHandlerMapping : Mapped "{[/category]}" onto public java.lang.String com.deals.controller.AppController.category(org.springframework.ui.Model)
2016-09-24 23:26:45.931  INFO 9936 --- [main] s.w.s.m.m.a.RequestMappingHandlerMapping : Mapped "{[/home]}" onto public java.lang.String com.deals.controller.AppController.home(org.springframework.ui.Model)
2016-09-24 23:26:45.932  INFO 9936 --- [main] s.w.s.m.m.a.RequestMappingHandlerMapping : Mapped "{[/rest/base/findAllCityByState/{stateId}],methods=[GET]}" onto public com.deals.util.Status com.deals.restcontroller.BaseController.findAllCityByState(java.lang.Long)
2016-09-24 23:26:45.934  INFO 9936 --- [main] s.w.s.m.m.a.RequestMappingHandlerMapping : Mapped "{[/rest/category/{id}],methods=[DELETE]}" onto public com.deals.util.Status com.deals.restcontroller.CategoryController.delete(java.lang.Long)
2016-09-24 23:26:45.935  INFO 9936 --- [main] s.w.s.m.m.a.RequestMappingHandlerMapping : Mapped "{[/rest/category/],methods=[POST],produces=[application/json]}" onto public com.deals.util.Status com.deals.restcontroller.CategoryController.create(com.deals.model.Category)
2016-09-24 23:26:45.935  INFO 9936 --- [main] s.w.s.m.m.a.RequestMappingHandlerMapping : Mapped "{[/rest/category/],methods=[GET]}" onto public com.deals.util.Status com.deals.restcontroller.CategoryController.findAll()
2016-09-24 23:26:45.935  INFO 9936 --- [main] s.w.s.m.m.a.RequestMappingHandlerMapping : Mapped "{[/rest/category/{id}],methods=[GET]}" onto public com.deals.util.Status com.deals.restcontroller.CategoryController.findById(java.lang.Long)
2016-09-24 23:26:45.937  INFO 9936 --- [main] s.w.s.m.m.a.RequestMappingHandlerMapping : Mapped "{[/rest/company/],methods=[POST]}" onto public com.deals.util.Status com.deals.restcontroller.CompanyController.create(com.deals.model.Company)
2016-09-24 23:26:45.937  INFO 9936 --- [main] s.w.s.m.m.a.RequestMappingHandlerMapping : Mapped "{[/rest/company/],methods=[GET]}" onto public com.deals.util.Status com.deals.restcontroller.CompanyController.findAll()
2016-09-24 23:26:45.941  INFO 9936 --- [main] s.w.s.m.m.a.RequestMappingHandlerMapping : Mapped "{[/rest/deal/{id}],methods=[DELETE]}" onto public com.deals.util.Status com.deals.restcontroller.DealController.delete(java.lang.Long)
2016-09-24 23:26:45.941  INFO 9936 --- [main] s.w.s.m.m.a.RequestMappingHandlerMapping : Mapped "{[/rest/deal/],methods=[POST],consumes=[multipart/form-data],produces=[application/json || application/xml]}" onto public com.deals.util.Status com.deals.restcontroller.DealController.create(org.springframework.web.multipart.MultipartFile,java.lang.String) throws java.lang.Exception
2016-09-24 23:26:45.942  INFO 9936 --- [main] s.w.s.m.m.a.RequestMappingHandlerMapping : Mapped "{[/rest/deal/],methods=[GET]}" onto public com.deals.util.Status com.deals.restcontroller.DealController.findAll()
2016-09-24 23:26:45.942  INFO 9936 --- [main] s.w.s.m.m.a.RequestMappingHandlerMapping : Mapped "{[/rest/deal/findOne/{id}],methods=[GET]}" onto public com.deals.util.Status com.deals.restcontroller.DealController.findOne(java.lang.Long)
2016-09-24 23:26:45.942  INFO 9936 --- [main] s.w.s.m.m.a.RequestMappingHandlerMapping : Mapped "{[/rest/deal/{userId}],methods=[GET]}" onto public com.deals.util.Status com.deals.restcontroller.DealController.findAllByUserId(java.lang.Long)
2016-09-24 23:26:45.942  INFO 9936 --- [main] s.w.s.m.m.a.RequestMappingHandlerMapping : Mapped "{[/rest/deal/findAllBySubCat/{subCatId}],methods=[GET]}" onto public com.deals.util.Status com.deals.restcontroller.DealController.findAllBySubCat(java.lang.Long)
2016-09-24 23:26:45.945  INFO 9936 --- [main] s.w.s.m.m.a.RequestMappingHandlerMapping : Mapped "{[/rest/login/out/{userId}],methods=[GET]}" onto public com.deals.util.Status com.deals.restcontroller.LoginController.logout(java.lang.Long)
2016-09-24 23:26:45.946  INFO 9936 --- [main] s.w.s.m.m.a.RequestMappingHandlerMapping : Mapped "{[/rest/login/],methods=[POST],produces=[application/json]}" onto public com.deals.util.Status com.deals.restcontroller.LoginController.login(com.deals.model.User)
2016-09-24 23:26:45.946  INFO 9936 --- [main] s.w.s.m.m.a.RequestMappingHandlerMapping : Mapped "{[/rest/login/loginClient],methods=[POST],produces=[application/json]}" onto public com.deals.util.Status com.deals.restcontroller.LoginController.loginForClient(com.deals.model.User)
2016-09-24 23:26:45.946  INFO 9936 --- [main] s.w.s.m.m.a.RequestMappingHandlerMapping : Mapped "{[/rest/login/mobileLogin],methods=[POST],produces=[application/json]}" onto public com.deals.util.Status com.deals.restcontroller.LoginController.mobileLogin(com.deals.model.User)
2016-09-24 23:26:45.947  INFO 9936 --- [main] s.w.s.m.m.a.RequestMappingHandlerMapping : Mapped "{[/rest/mail/send],methods=[POST],produces=[application/json]}" onto public com.deals.util.Status com.deals.restcontroller.MailController.sendMail(com.deals.model.EMail)
2016-09-24 23:26:45.948  INFO 9936 --- [main] s.w.s.m.m.a.RequestMappingHandlerMapping : Mapped "{[/rest/app/findAllCountry],methods=[GET]}" onto public com.deals.util.Status com.deals.restcontroller.MainController.findAllCountry()
2016-09-24 23:26:45.948  INFO 9936 --- [main] s.w.s.m.m.a.RequestMappingHandlerMapping : Mapped "{[/rest/app/findAllCity/{stateId}],methods=[GET]}" onto public com.deals.util.Status com.deals.restcontroller.MainController.findAllCity(java.lang.Long)
2016-09-24 23:26:45.948  INFO 9936 --- [main] s.w.s.m.m.a.RequestMappingHandlerMapping : Mapped "{[/rest/app/findAllState/{countryId}],methods=[GET]}" onto public com.deals.util.Status com.deals.restcontroller.MainController.findAllState(java.lang.Long)
2016-09-24 23:26:45.950  INFO 9936 --- [main] s.w.s.m.m.a.RequestMappingHandlerMapping : Mapped "{[/rest/plan/],methods=[PUT],produces=[application/json]}" onto public com.deals.util.Status com.deals.restcontroller.PlanController.update(com.deals.model.Plan)
2016-09-24 23:26:45.950  INFO 9936 --- [main] s.w.s.m.m.a.RequestMappingHandlerMapping : Mapped "{[/rest/plan/{id}],methods=[DELETE]}" onto public com.deals.util.Status com.deals.restcontroller.PlanController.delete(java.lang.Long)
2016-09-24 23:26:45.950  INFO 9936 --- [main] s.w.s.m.m.a.RequestMappingHandlerMapping : Mapped "{[/rest/plan/],methods=[POST],produces=[application/json]}" onto public com.deals.util.Status com.deals.restcontroller.PlanController.create(com.deals.model.Plan)
2016-09-24 23:26:45.951  INFO 9936 --- [main] s.w.s.m.m.a.RequestMappingHandlerMapping : Mapped "{[/rest/plan/],methods=[GET]}" onto public com.deals.util.Status com.deals.restcontroller.PlanController.findAll()
2016-09-24 23:26:45.951  INFO 9936 --- [main] s.w.s.m.m.a.RequestMappingHandlerMapping : Mapped "{[/rest/plan/{id}],methods=[GET]}" onto public com.deals.util.Status com.deals.restcontroller.PlanController.findOne(java.lang.Long)
2016-09-24 23:26:45.951  INFO 9936 --- [main] s.w.s.m.m.a.RequestMappingHandlerMapping : Mapped "{[/rest/plan/{userId}/{planId}],methods=[GET]}" onto public com.deals.util.Status com.deals.restcontroller.PlanController.assignPlanToUser(java.lang.Long,java.lang.Long)
2016-09-24 23:26:45.953  INFO 9936 --- [main] s.w.s.m.m.a.RequestMappingHandlerMapping : Mapped "{[/rest/salesman/],methods=[PUT],produces=[application/json]}" onto public com.deals.util.Status com.deals.restcontroller.SalesmanController.update(com.deals.model.Salesman)
2016-09-24 23:26:45.954  INFO 9936 --- [main] s.w.s.m.m.a.RequestMappingHandlerMapping : Mapped "{[/rest/salesman/{salesmanId}],methods=[DELETE]}" onto public com.deals.util.Status com.deals.restcontroller.SalesmanController.delete(java.lang.Long)
2016-09-24 23:26:45.954  INFO 9936 --- [main] s.w.s.m.m.a.RequestMappingHandlerMapping : Mapped "{[/rest/salesman/],methods=[POST],produces=[application/json]}" onto public com.deals.util.Status com.deals.restcontroller.SalesmanController.create(com.deals.model.Salesman)
2016-09-24 23:26:45.955  INFO 9936 --- [main] s.w.s.m.m.a.RequestMappingHandlerMapping : Mapped "{[/rest/salesman/{salesmanId}],methods=[GET]}" onto public com.deals.util.Status com.deals.restcontroller.SalesmanController.findById(java.lang.Long)
2016-09-24 23:26:45.955  INFO 9936 --- [main] s.w.s.m.m.a.RequestMappingHandlerMapping : Mapped "{[/rest/salesman/findAllSalesManager],methods=[GET]}" onto public com.deals.util.Status com.deals.restcontroller.SalesmanController.findAllSalesManager()
2016-09-24 23:26:45.955  INFO 9936 --- [main] s.w.s.m.m.a.RequestMappingHandlerMapping : Mapped "{[/rest/salesman/createSalesManager],methods=[POST],produces=[application/json]}" onto public com.deals.util.Status com.deals.restcontroller.SalesmanController.createSalesManager(com.deals.model.SalesManager)
2016-09-24 23:26:45.955  INFO 9936 --- [main] s.w.s.m.m.a.RequestMappingHandlerMapping : Mapped "{[/rest/salesman/deleteSalesManager/{managerId}],methods=[DELETE]}" onto public com.deals.util.Status com.deals.restcontroller.SalesmanController.deleteSalesManager(java.lang.Long)
2016-09-24 23:26:45.956  INFO 9936 --- [main] s.w.s.m.m.a.RequestMappingHandlerMapping : Mapped "{[/rest/salesman/findSalesManagerById/{managerId}],methods=[GET]}" onto public com.deals.util.Status com.deals.restcontroller.SalesmanController.findSalesManagerById(java.lang.Long)
2016-09-24 23:26:45.957  INFO 9936 --- [main] s.w.s.m.m.a.RequestMappingHandlerMapping : Mapped "{[/rest/salesman/findAllByManagerId/{managerId}],methods=[GET]}" onto public com.deals.util.Status com.deals.restcontroller.SalesmanController.findAllByManagerId(java.lang.Long)
2016-09-24 23:26:45.958  INFO 9936 --- [main] s.w.s.m.m.a.RequestMappingHandlerMapping : Mapped "{[/rest/subcat/{subcatId}],methods=[DELETE]}" onto public com.deals.util.Status com.deals.restcontroller.SubCategoryController.delete(java.lang.Long)
2016-09-24 23:26:45.958  INFO 9936 --- [main] s.w.s.m.m.a.RequestMappingHandlerMapping : Mapped "{[/rest/subcat/],methods=[POST],produces=[application/json]}" onto public com.deals.util.Status com.deals.restcontroller.SubCategoryController.create(com.deals.model.SubCategory)
2016-09-24 23:26:45.959  INFO 9936 --- [main] s.w.s.m.m.a.RequestMappingHandlerMapping : Mapped "{[/rest/subcat/findOne/{subcatId}],methods=[GET]}" onto public com.deals.util.Status com.deals.restcontroller.SubCategoryController.findOne(java.lang.Long)
2016-09-24 23:26:45.959  INFO 9936 --- [main] s.w.s.m.m.a.RequestMappingHandlerMapping : Mapped "{[/rest/subcat/{catId}],methods=[GET]}" onto public com.deals.util.Status com.deals.restcontroller.SubCategoryController.findAllByCategoryId(java.lang.Long)
2016-09-24 23:26:45.961  INFO 9936 --- [main] s.w.s.m.m.a.RequestMappingHandlerMapping : Mapped "{[/rest/user/{id}],methods=[GET]}" onto public com.deals.util.Status com.deals.restcontroller.UserController.get(java.lang.Long)
2016-09-24 23:26:45.962  INFO 9936 --- [main] s.w.s.m.m.a.RequestMappingHandlerMapping : Mapped "{[/rest/user/],methods=[PUT],produces=[application/json]}" onto public com.deals.util.Status com.deals.restcontroller.UserController.update(com.deals.model.User)
2016-09-24 23:26:45.962  INFO 9936 --- [main] s.w.s.m.m.a.RequestMappingHandlerMapping : Mapped "{[/rest/user/{id}],methods=[DELETE]}" onto public com.deals.util.Status com.deals.restcontroller.UserController.delete(java.lang.Long)
2016-09-24 23:26:45.962  INFO 9936 --- [main] s.w.s.m.m.a.RequestMappingHandlerMapping : Mapped "{[/rest/user/],methods=[POST],produces=[application/json]}" onto public com.deals.util.Status com.deals.restcontroller.UserController.create(com.deals.model.User)
2016-09-24 23:26:45.962  INFO 9936 --- [main] s.w.s.m.m.a.RequestMappingHandlerMapping : Mapped "{[/rest/user/],methods=[GET]}" onto public com.deals.util.Status com.deals.restcontroller.UserController.findAll()
2016-09-24 23:26:45.963  INFO 9936 --- [main] s.w.s.m.m.a.RequestMappingHandlerMapping : Mapped "{[/rest/user/sendOTP/{mobNumber}],methods=[GET]}" onto public com.deals.util.Status com.deals.restcontroller.UserController.sendOTP(java.lang.String)
2016-09-24 23:26:45.963  INFO 9936 --- [main] s.w.s.m.m.a.RequestMappingHandlerMapping : Mapped "{[/rest/user/verifyOTP/{mobileNumber}/{oneTimePassword}],methods=[GET]}" onto public com.deals.util.Status com.deals.restcontroller.UserController.verifyOTP(java.lang.String,java.lang.String)
2016-09-24 23:26:45.963  INFO 9936 --- [main] s.w.s.m.m.a.RequestMappingHandlerMapping : Mapped "{[/rest/user/saveUserDetail],methods=[POST],produces=[application/json]}" onto public com.deals.util.Status com.deals.restcontroller.UserController.updateUserDetail(com.deals.model.UserDetail)
2016-09-24 23:26:45.963  INFO 9936 --- [main] s.w.s.m.m.a.RequestMappingHandlerMapping : Mapped "{[/rest/user/forgotPassword/{emailAddress}],methods=[GET]}" onto public com.deals.util.Status com.deals.restcontroller.UserController.forgotPassword(java.lang.String)
2016-09-24 23:26:45.964  INFO 9936 --- [main] s.w.s.m.m.a.RequestMappingHandlerMapping : Mapped "{[/rest/user/likeOrView/{userId}/{merchantId}/{type}],methods=[GET]}" onto public com.deals.util.Status com.deals.restcontroller.UserController.like(java.lang.Long,java.lang.Long,java.lang.String)
2016-09-24 23:26:45.964  INFO 9936 --- [main] s.w.s.m.m.a.RequestMappingHandlerMapping : Mapped "{[/rest/user/findByUserType/{userType}],methods=[GET]}" onto public com.deals.util.Status com.deals.restcontroller.UserController.findUsersByUserType(com.deals.enums.UserType)
2016-09-24 23:26:45.964  INFO 9936 --- [main] s.w.s.m.m.a.RequestMappingHandlerMapping : Mapped "{[/rest/user/findAllByUserType/{userType}],methods=[GET]}" onto public com.deals.util.Status com.deals.restcontroller.UserController.findAllByUserType(com.deals.enums.UserType)
2016-09-24 23:26:45.965  INFO 9936 --- [main] s.w.s.m.m.a.RequestMappingHandlerMapping : Mapped "{[/rest/userDetail/],methods=[POST],produces=[application/json]}" onto public com.deals.util.Status com.deals.restcontroller.UserDetailController.create(com.deals.model.UserDetail)
2016-09-24 23:26:45.966  INFO 9936 --- [main] s.w.s.m.m.a.RequestMappingHandlerMapping : Mapped "{[/rest/userDetail/findAllByUserId/{userId}],methods=[GET]}" onto public com.deals.util.Status com.deals.restcontroller.UserDetailController.findAllByUserId(java.lang.Long)
2016-09-24 23:26:45.967  INFO 9936 --- [main] s.w.s.m.m.a.RequestMappingHandlerMapping : Mapped "{[/rest/userDetail/findLikeCityAndPlaceName/{cityName}/{placeName}],methods=[GET]}" onto public com.deals.util.Status com.deals.restcontroller.UserDetailController.findLikeCityAndPlaceName(java.lang.String,java.lang.String)
2016-09-24 23:26:45.968  INFO 9936 --- [main] s.w.s.m.m.a.RequestMappingHandlerMapping : Mapped "{[/BestDeals/error]}" onto public org.springframework.http.ResponseEntity<java.util.Map<java.lang.String, java.lang.Object>> org.springframework.boot.autoconfigure.web.BasicErrorController.error(javax.servlet.http.HttpServletRequest)
2016-09-24 23:26:45.969  INFO 9936 --- [main] s.w.s.m.m.a.RequestMappingHandlerMapping : Mapped "{[/BestDeals/error],produces=[text/html]}" onto public org.springframework.web.servlet.ModelAndView org.springframework.boot.autoconfigure.web.BasicErrorController.errorHtml(javax.servlet.http.HttpServletRequest,javax.servlet.http.HttpServletResponse)
2016-09-24 23:26:46.013  INFO 9936 --- [main] o.s.w.s.handler.SimpleUrlHandlerMapping  : Mapped URL path [/webjars/**] onto handler of type [class org.springframework.web.servlet.resource.ResourceHttpRequestHandler]
2016-09-24 23:26:46.014  INFO 9936 --- [main] o.s.w.s.handler.SimpleUrlHandlerMapping  : Mapped URL path [/**] onto handler of type [class org.springframework.web.servlet.resource.ResourceHttpRequestHandler]
2016-09-24 23:26:46.067  INFO 9936 --- [main] .m.m.a.ExceptionHandlerExceptionResolver : Detected @ExceptionHandler methods in repositoryRestExceptionHandler
2016-09-24 23:26:46.115  INFO 9936 --- [main] o.s.w.s.handler.SimpleUrlHandlerMapping  : Mapped URL path [/**/favicon.ico] onto handler of type [class org.springframework.web.servlet.resource.ResourceHttpRequestHandler]
2016-09-24 23:26:46.606  INFO 9936 --- [main] o.s.d.r.w.RepositoryRestHandlerAdapter   : Looking for @ControllerAdvice: org.springframework.boot.context.embedded.AnnotationConfigEmbeddedWebApplicationContext@776aec5c: startup date [Sat Sep 24 23:26:32 IST 2016]; root of context hierarchy
2016-09-24 23:26:46.619  INFO 9936 --- [main] o.s.d.r.w.RepositoryRestHandlerMapping   : Mapped "{[/ || ],methods=[GET],produces=[application/hal+json || application/json || application/*+json;charset=UTF-8]}" onto public org.springframework.http.HttpEntity<org.springframework.data.rest.webmvc.RepositoryLinksResource> org.springframework.data.rest.webmvc.RepositoryController.listRepositories()
2016-09-24 23:26:46.619  INFO 9936 --- [main] o.s.d.r.w.RepositoryRestHandlerMapping   : Mapped "{[/ || ],methods=[OPTIONS],produces=[application/hal+json || application/json || application/*+json;charset=UTF-8]}" onto public org.springframework.http.HttpEntity<?> org.springframework.data.rest.webmvc.RepositoryController.optionsForRepositories()
2016-09-24 23:26:46.620  INFO 9936 --- [main] o.s.d.r.w.RepositoryRestHandlerMapping   : Mapped "{[/ || ],methods=[HEAD],produces=[application/hal+json || application/json || application/*+json;charset=UTF-8]}" onto public org.springframework.http.ResponseEntity<?> org.springframework.data.rest.webmvc.RepositoryController.headForRepositories()
2016-09-24 23:26:46.622  INFO 9936 --- [main] o.s.d.r.w.RepositoryRestHandlerMapping   : Mapped "{[/{repository}/{id}],methods=[PUT],produces=[application/hal+json || application/json || application/*+json;charset=UTF-8]}" onto public org.springframework.http.ResponseEntity<? extends org.springframework.hateoas.ResourceSupport> org.springframework.data.rest.webmvc.RepositoryEntityController.putItemResource(org.springframework.data.rest.webmvc.RootResourceInformation,org.springframework.data.rest.webmvc.PersistentEntityResource,java.io.Serializable,org.springframework.data.rest.webmvc.PersistentEntityResourceAssembler,org.springframework.data.rest.webmvc.support.ETag,java.lang.String) throws org.springframework.web.HttpRequestMethodNotSupportedException
2016-09-24 23:26:46.623  INFO 9936 --- [main] o.s.d.r.w.RepositoryRestHandlerMapping   : Mapped "{[/{repository}/{id}],methods=[GET],produces=[application/hal+json || application/json || application/*+json;charset=UTF-8]}" onto public org.springframework.http.ResponseEntity<org.springframework.hateoas.Resource<?>> org.springframework.data.rest.webmvc.RepositoryEntityController.getItemResource(org.springframework.data.rest.webmvc.RootResourceInformation,java.io.Serializable,org.springframework.data.rest.webmvc.PersistentEntityResourceAssembler,org.springframework.util.MultiValueMap<java.lang.String, java.lang.String>) throws org.springframework.web.HttpRequestMethodNotSupportedException
2016-09-24 23:26:46.624  INFO 9936 --- [main] o.s.d.r.w.RepositoryRestHandlerMapping   : Mapped "{[/{repository}/{id}],methods=[PATCH],produces=[application/hal+json || application/json || application/*+json;charset=UTF-8]}" onto public org.springframework.http.ResponseEntity<org.springframework.hateoas.ResourceSupport> org.springframework.data.rest.webmvc.RepositoryEntityController.patchItemResource(org.springframework.data.rest.webmvc.RootResourceInformation,org.springframework.data.rest.webmvc.PersistentEntityResource,java.io.Serializable,org.springframework.data.rest.webmvc.PersistentEntityResourceAssembler,org.springframework.data.rest.webmvc.support.ETag,java.lang.String) throws org.springframework.web.HttpRequestMethodNotSupportedException,org.springframework.data.rest.webmvc.ResourceNotFoundException
2016-09-24 23:26:46.624  INFO 9936 --- [main] o.s.d.r.w.RepositoryRestHandlerMapping   : Mapped "{[/{repository}],methods=[HEAD],produces=[application/hal+json || application/json || application/*+json;charset=UTF-8]}" onto public org.springframework.http.ResponseEntity<?> org.springframework.data.rest.webmvc.RepositoryEntityController.headCollectionResource(org.springframework.data.rest.webmvc.RootResourceInformation,org.springframework.data.rest.webmvc.support.DefaultedPageable) throws org.springframework.web.HttpRequestMethodNotSupportedException
2016-09-24 23:26:46.625  INFO 9936 --- [main] o.s.d.r.w.RepositoryRestHandlerMapping   : Mapped "{[/{repository}/{id}],methods=[HEAD],produces=[application/hal+json || application/json || application/*+json;charset=UTF-8]}" onto public org.springframework.http.ResponseEntity<?> org.springframework.data.rest.webmvc.RepositoryEntityController.headForItemResource(org.springframework.data.rest.webmvc.RootResourceInformation,java.io.Serializable,org.springframework.data.rest.webmvc.PersistentEntityResourceAssembler) throws org.springframework.web.HttpRequestMethodNotSupportedException
2016-09-24 23:26:46.625  INFO 9936 --- [main] o.s.d.r.w.RepositoryRestHandlerMapping   : Mapped "{[/{repository}],methods=[GET],produces=[application/x-spring-data-compact+json || text/uri-list]}" onto public org.springframework.hateoas.Resources<?> org.springframework.data.rest.webmvc.RepositoryEntityController.getCollectionResourceCompact(org.springframework.data.rest.webmvc.RootResourceInformation,org.springframework.data.rest.webmvc.support.DefaultedPageable,org.springframework.data.domain.Sort,org.springframework.data.rest.webmvc.PersistentEntityResourceAssembler) throws org.springframework.data.rest.webmvc.ResourceNotFoundException,org.springframework.web.HttpRequestMethodNotSupportedException
2016-09-24 23:26:46.626  INFO 9936 --- [main] o.s.d.r.w.RepositoryRestHandlerMapping   : Mapped "{[/{repository}],methods=[OPTIONS],produces=[application/hal+json || application/json || application/*+json;charset=UTF-8]}" onto public org.springframework.http.ResponseEntity<?> org.springframework.data.rest.webmvc.RepositoryEntityController.optionsForCollectionResource(org.springframework.data.rest.webmvc.RootResourceInformation)
2016-09-24 23:26:46.626  INFO 9936 --- [main] o.s.d.r.w.RepositoryRestHandlerMapping   : Mapped "{[/{repository}],methods=[GET],produces=[application/hal+json || application/json || application/*+json;charset=UTF-8]}" onto public org.springframework.hateoas.Resources<?> org.springframework.data.rest.webmvc.RepositoryEntityController.getCollectionResource(org.springframework.data.rest.webmvc.RootResourceInformation,org.springframework.data.rest.webmvc.support.DefaultedPageable,org.springframework.data.domain.Sort,org.springframework.data.rest.webmvc.PersistentEntityResourceAssembler) throws org.springframework.data.rest.webmvc.ResourceNotFoundException,org.springframework.web.HttpRequestMethodNotSupportedException
2016-09-24 23:26:46.627  INFO 9936 --- [main] o.s.d.r.w.RepositoryRestHandlerMapping   : Mapped "{[/{repository}/{id}],methods=[OPTIONS],produces=[application/hal+json || application/json || application/*+json;charset=UTF-8]}" onto public org.springframework.http.ResponseEntity<?> org.springframework.data.rest.webmvc.RepositoryEntityController.optionsForItemResource(org.springframework.data.rest.webmvc.RootResourceInformation)
2016-09-24 23:26:46.627  INFO 9936 --- [main] o.s.d.r.w.RepositoryRestHandlerMapping   : Mapped "{[/{repository}/{id}],methods=[DELETE],produces=[application/hal+json || application/json || application/*+json;charset=UTF-8]}" onto public org.springframework.http.ResponseEntity<?> org.springframework.data.rest.webmvc.RepositoryEntityController.deleteItemResource(org.springframework.data.rest.webmvc.RootResourceInformation,java.io.Serializable,org.springframework.data.rest.webmvc.support.ETag) throws org.springframework.data.rest.webmvc.ResourceNotFoundException,org.springframework.web.HttpRequestMethodNotSupportedException
2016-09-24 23:26:46.627  INFO 9936 --- [main] o.s.d.r.w.RepositoryRestHandlerMapping   : Mapped "{[/{repository}],methods=[POST],produces=[application/hal+json || application/json || application/*+json;charset=UTF-8]}" onto public org.springframework.http.ResponseEntity<org.springframework.hateoas.ResourceSupport> org.springframework.data.rest.webmvc.RepositoryEntityController.postCollectionResource(org.springframework.data.rest.webmvc.RootResourceInformation,org.springframework.data.rest.webmvc.PersistentEntityResource,org.springframework.data.rest.webmvc.PersistentEntityResourceAssembler,java.lang.String) throws org.springframework.web.HttpRequestMethodNotSupportedException
2016-09-24 23:26:46.630  INFO 9936 --- [main] o.s.d.r.w.RepositoryRestHandlerMapping   : Mapped "{[/{repository}/{id}/{property}],methods=[GET],produces=[application/x-spring-data-compact+json || text/uri-list]}" onto public org.springframework.http.ResponseEntity<org.springframework.hateoas.ResourceSupport> org.springframework.data.rest.webmvc.RepositoryPropertyReferenceController.followPropertyReferenceCompact(org.springframework.data.rest.webmvc.RootResourceInformation,java.io.Serializable,java.lang.String,org.springframework.data.rest.webmvc.PersistentEntityResourceAssembler) throws java.lang.Exception
2016-09-24 23:26:46.630  INFO 9936 --- [main] o.s.d.r.w.RepositoryRestHandlerMapping   : Mapped "{[/{repository}/{id}/{property}],methods=[PATCH || PUT || POST],consumes=[application/json || application/x-spring-data-compact+json || text/uri-list],produces=[application/hal+json || application/json || application/*+json;charset=UTF-8]}" onto public org.springframework.http.ResponseEntity<? extends org.springframework.hateoas.ResourceSupport> org.springframework.data.rest.webmvc.RepositoryPropertyReferenceController.createPropertyReference(org.springframework.data.rest.webmvc.RootResourceInformation,org.springframework.http.HttpMethod,org.springframework.hateoas.Resources<java.lang.Object>,java.io.Serializable,java.lang.String) throws java.lang.Exception
2016-09-24 23:26:46.631  INFO 9936 --- [main] o.s.d.r.w.RepositoryRestHandlerMapping   : Mapped "{[/{repository}/{id}/{property}],methods=[GET],produces=[application/hal+json || application/json || application/*+json;charset=UTF-8]}" onto public org.springframework.http.ResponseEntity<org.springframework.hateoas.ResourceSupport> org.springframework.data.rest.webmvc.RepositoryPropertyReferenceController.followPropertyReference(org.springframework.data.rest.webmvc.RootResourceInformation,java.io.Serializable,java.lang.String,org.springframework.data.rest.webmvc.PersistentEntityResourceAssembler) throws java.lang.Exception
2016-09-24 23:26:46.631  INFO 9936 --- [main] o.s.d.r.w.RepositoryRestHandlerMapping   : Mapped "{[/{repository}/{id}/{property}/{propertyId}],methods=[GET],produces=[application/hal+json || application/json || application/*+json;charset=UTF-8]}" onto public org.springframework.http.ResponseEntity<org.springframework.hateoas.ResourceSupport> org.springframework.data.rest.webmvc.RepositoryPropertyReferenceController.followPropertyReference(org.springframework.data.rest.webmvc.RootResourceInformation,java.io.Serializable,java.lang.String,java.lang.String,org.springframework.data.rest.webmvc.PersistentEntityResourceAssembler) throws java.lang.Exception
2016-09-24 23:26:46.632  INFO 9936 --- [main] o.s.d.r.w.RepositoryRestHandlerMapping   : Mapped "{[/{repository}/{id}/{property}],methods=[DELETE],produces=[application/hal+json || application/json || application/*+json;charset=UTF-8]}" onto public org.springframework.http.ResponseEntity<? extends org.springframework.hateoas.ResourceSupport> org.springframework.data.rest.webmvc.RepositoryPropertyReferenceController.deletePropertyReference(org.springframework.data.rest.webmvc.RootResourceInformation,java.io.Serializable,java.lang.String) throws java.lang.Exception
2016-09-24 23:26:46.632  INFO 9936 --- [main] o.s.d.r.w.RepositoryRestHandlerMapping   : Mapped "{[/{repository}/{id}/{property}/{propertyId}],methods=[DELETE],produces=[application/hal+json || application/json || application/*+json;charset=UTF-8]}" onto public org.springframework.http.ResponseEntity<org.springframework.hateoas.ResourceSupport> org.springframework.data.rest.webmvc.RepositoryPropertyReferenceController.deletePropertyReferenceId(org.springframework.data.rest.webmvc.RootResourceInformation,java.io.Serializable,java.lang.String,java.lang.String) throws java.lang.Exception
2016-09-24 23:26:46.634  INFO 9936 --- [main] o.s.d.r.w.RepositoryRestHandlerMapping   : Mapped "{[/{repository}/search],methods=[GET],produces=[application/hal+json || application/json || application/*+json;charset=UTF-8]}" onto public org.springframework.data.rest.webmvc.RepositorySearchesResource org.springframework.data.rest.webmvc.RepositorySearchController.listSearches(org.springframework.data.rest.webmvc.RootResourceInformation)
2016-09-24 23:26:46.635  INFO 9936 --- [main] o.s.d.r.w.RepositoryRestHandlerMapping   : Mapped "{[/{repository}/search/{search}],methods=[HEAD],produces=[application/hal+json || application/json || application/*+json;charset=UTF-8]}" onto public org.springframework.http.ResponseEntity<java.lang.Object> org.springframework.data.rest.webmvc.RepositorySearchController.headForSearch(org.springframework.data.rest.webmvc.RootResourceInformation,java.lang.String)
2016-09-24 23:26:46.636  INFO 9936 --- [main] o.s.d.r.w.RepositoryRestHandlerMapping   : Mapped "{[/{repository}/search/{search}],methods=[OPTIONS],produces=[application/hal+json || application/json || application/*+json;charset=UTF-8]}" onto public org.springframework.http.ResponseEntity<java.lang.Object> org.springframework.data.rest.webmvc.RepositorySearchController.optionsForSearch(org.springframework.data.rest.webmvc.RootResourceInformation,java.lang.String)
2016-09-24 23:26:46.636  INFO 9936 --- [main] o.s.d.r.w.RepositoryRestHandlerMapping   : Mapped "{[/{repository}/search],methods=[HEAD],produces=[application/hal+json || application/json || application/*+json;charset=UTF-8]}" onto public org.springframework.http.HttpEntity<?> org.springframework.data.rest.webmvc.RepositorySearchController.headForSearches(org.springframework.data.rest.webmvc.RootResourceInformation)
2016-09-24 23:26:46.636  INFO 9936 --- [main] o.s.d.r.w.RepositoryRestHandlerMapping   : Mapped "{[/{repository}/search/{search}],methods=[GET],produces=[application/hal+json || application/json || application/*+json;charset=UTF-8]}" onto public org.springframework.http.ResponseEntity<java.lang.Object> org.springframework.data.rest.webmvc.RepositorySearchController.executeSearch(org.springframework.data.rest.webmvc.RootResourceInformation,org.springframework.util.MultiValueMap<java.lang.String, java.lang.Object>,java.lang.String,org.springframework.data.rest.webmvc.support.DefaultedPageable,org.springframework.data.domain.Sort,org.springframework.data.rest.webmvc.PersistentEntityResourceAssembler)
2016-09-24 23:26:46.636  INFO 9936 --- [main] o.s.d.r.w.RepositoryRestHandlerMapping   : Mapped "{[/{repository}/search/{search}],methods=[GET],produces=[application/x-spring-data-compact+json]}" onto public org.springframework.hateoas.ResourceSupport org.springframework.data.rest.webmvc.RepositorySearchController.executeSearchCompact(org.springframework.data.rest.webmvc.RootResourceInformation,org.springframework.util.MultiValueMap<java.lang.String, java.lang.Object>,java.lang.String,java.lang.String,org.springframework.data.rest.webmvc.support.DefaultedPageable,org.springframework.data.domain.Sort,org.springframework.data.rest.webmvc.PersistentEntityResourceAssembler)
2016-09-24 23:26:46.637  INFO 9936 --- [main] o.s.d.r.w.RepositoryRestHandlerMapping   : Mapped "{[/{repository}/search],methods=[OPTIONS],produces=[application/hal+json || application/json || application/*+json;charset=UTF-8]}" onto public org.springframework.http.HttpEntity<?> org.springframework.data.rest.webmvc.RepositorySearchController.optionsForSearches(org.springframework.data.rest.webmvc.RootResourceInformation)
2016-09-24 23:26:46.641  INFO 9936 --- [main] o.s.d.r.w.BasePathAwareHandlerMapping    : Mapped "{[/profile/{repository}],methods=[GET],produces=[application/alps+json || */*]}" onto org.springframework.http.HttpEntity<org.springframework.data.rest.webmvc.RootResourceInformation> org.springframework.data.rest.webmvc.alps.AlpsController.descriptor(org.springframework.data.rest.webmvc.RootResourceInformation)
2016-09-24 23:26:46.641  INFO 9936 --- [main] o.s.d.r.w.BasePathAwareHandlerMapping    : Mapped "{[/profile/{repository}],methods=[OPTIONS],produces=[application/alps+json]}" onto org.springframework.http.HttpEntity<?> org.springframework.data.rest.webmvc.alps.AlpsController.alpsOptions()
2016-09-24 23:26:46.642  INFO 9936 --- [main] o.s.d.r.w.BasePathAwareHandlerMapping    : Mapped "{[/profile],methods=[OPTIONS]}" onto public org.springframework.http.HttpEntity<?> org.springframework.data.rest.webmvc.ProfileController.profileOptions()
2016-09-24 23:26:46.642  INFO 9936 --- [main] o.s.d.r.w.BasePathAwareHandlerMapping    : Mapped "{[/profile],methods=[GET]}" onto org.springframework.http.HttpEntity<org.springframework.hateoas.ResourceSupport> org.springframework.data.rest.webmvc.ProfileController.listAllFormsOfMetadata()
2016-09-24 23:26:46.642  INFO 9936 --- [main] o.s.d.r.w.BasePathAwareHandlerMapping    : Mapped "{[/profile/{repository}],methods=[GET],produces=[application/schema+json]}" onto public org.springframework.http.HttpEntity<org.springframework.data.rest.webmvc.json.JsonSchema> org.springframework.data.rest.webmvc.RepositorySchemaController.schema(org.springframework.data.rest.webmvc.RootResourceInformation)
2016-09-24 23:26:46.661  INFO 9936 --- [main] .m.m.a.ExceptionHandlerExceptionResolver : Detected @ExceptionHandler methods in repositoryRestExceptionHandler
2016-09-24 23:26:46.844  WARN 9936 --- [main] arterDeprecationWarningAutoConfiguration : spring-boot-starter-redis is deprecated as of Spring Boot 1.4, please migrate to spring-boot-starter-data-redis
2016-09-24 23:26:46.938  INFO 9936 --- [main] o.s.j.e.a.AnnotationMBeanExporter        : Registering beans for JMX exposure on startup
2016-09-24 23:26:46.963  INFO 9936 --- [main] s.a.ScheduledAnnotationBeanPostProcessor : No TaskScheduler/ScheduledExecutorService bean found for scheduled processing
2016-09-24 23:26:47.046  INFO 9936 --- [main] s.b.c.e.t.TomcatEmbeddedServletContainer : Tomcat started on port(s): 8080 (http)
2016-09-24 23:26:47.055  INFO 9936 --- [main] com.deals.BestDealsApplication           : Started BestDealsApplication in 15.421 seconds (JVM running for 16.553)
2016-09-24 23:26:57.993  INFO 9936 --- [http-nio-8080-exec-1] o.a.c.c.C.[.[localhost].[/BestDeals]     : Initializing Spring FrameworkServlet 'dispatcherServlet'
2016-09-24 23:26:57.994  INFO 9936 --- [http-nio-8080-exec-1] o.s.web.servlet.DispatcherServlet        : FrameworkServlet 'dispatcherServlet': initialization started
2016-09-24 23:26:58.034  INFO 9936 --- [http-nio-8080-exec-1] o.s.web.servlet.DispatcherServlet        : FrameworkServlet 'dispatcherServlet': initialization completed in 40 ms
2016-09-24 23:27:49.670  INFO 9936 --- [http-nio-8080-exec-10] com.deals.controller.AppController       : Logged In Plan ::: Plan(name=PLATINUM, amount=200.0, description=Simple, rules={"max_adv_count": 3}, planType=PLATINUM)
2016-09-24 23:27:49.884  INFO 9936 --- [http-nio-8080-exec-9] com.deals.controller.AppController       : Session UserType ::::: PLATINUM
2016-09-24 23:32:06.010  INFO 9936 --- [RMI TCP Connection(14)-192.168.8.130] inMXBeanRegistrar$SpringApplicationAdmin : Application shutdown requested.
2016-09-24 23:32:06.010  INFO 9936 --- [RMI TCP Connection(14)-192.168.8.130] ationConfigEmbeddedWebApplicationContext : Closing org.springframework.boot.context.embedded.AnnotationConfigEmbeddedWebApplicationContext@776aec5c: startup date [Sat Sep 24 23:26:32 IST 2016]; root of context hierarchy
2016-09-24 23:32:06.016  INFO 9936 --- [RMI TCP Connection(14)-192.168.8.130] o.s.j.e.a.AnnotationMBeanExporter        : Unregistering JMX-exposed beans on shutdown
2016-09-24 23:32:06.017  INFO 9936 --- [Thread-3] .o.s.t.m.s.PriorityQueueSchedulerService : Email scheduler consumer stopped
2016-09-24 23:32:06.018  INFO 9936 --- [Thread-3] .o.s.t.m.s.PriorityQueueSchedulerService : Email scheduler consumer stopped
2016-09-24 23:32:06.026  INFO 9936 --- [RMI TCP Connection(14)-192.168.8.130] j.LocalContainerEntityManagerFactoryBean : Closing JPA EntityManagerFactory for persistence unit 'default'
